[master e1f6ef4] 同步 .ideavimrc 配置文件 - 2025-09-02 08:00:00
 2 files changed, 10 insertions(+), 8 deletions(-)
 create mode 100644 cron.log
[master 5e0fdba] 同步 .ideavimrc 配置文件 - 2025-09-03 08:00:00
 1 file changed, 3 insertions(+)
[master 83db254] 同步 .ideavimrc 配置文件 - 2025-09-04 08:00:00
 1 file changed, 2 insertions(+)
[master c50e2a8] 同步 .ideavimrc 配置文件 - 2025-09-05 08:00:00
 1 file changed, 2 insertions(+)
[master 102184f] 同步 .ideavimrc 配置文件 - 2025-09-07 08:00:01
 1 file changed, 2 insertions(+)
[master 4b8032a] 同步 .ideavimrc 配置文件 - 2025-09-10 08:00:00
 1 file changed, 1 insertion(+)
[master 1eb3c69] 同步 .ideavimrc 配置文件 - 2025-09-11 08:04:18
 1 file changed, 2 insertions(+)
[master 1717e02] 同步 .ideavimrc 配置文件 - 2025-09-12 08:00:00
 2 files changed, 4 insertions(+), 2 deletions(-)
[master 4784d75] 同步 .ideavimrc 配置文件 - 2025-09-16 08:00:00
 2 files changed, 3 insertions(+), 1 deletion(-)
[master cb75525] 同步 .ideavimrc 配置文件 - 2025-09-17 08:00:00
 1 file changed, 2 insertions(+)
[master 191cabe] 同步 .ideavimrc 配置文件 - 2025-09-21 08:00:00
 1 file changed, 2 insertions(+)
[master c99bc5e] 同步 .ideavimrc 配置文件 - 2025-09-22 08:00:00
 1 file changed, 2 insertions(+)
[master 10826b9] 同步 .ideavimrc 配置文件 - 2025-09-24 08:00:00
 1 file changed, 2 insertions(+)
[master 465a9cb] 同步 .ideavimrc 配置文件 - 2025-09-25 08:00:00
 1 file changed, 2 insertions(+)
On branch master
Your branch is up to date with 'origin/master'.

nothing to commit, working tree clean
[master 005d92b] 同步 .ideavimrc 配置文件 - 2025-10-01 08:00:00
 1 file changed, 4 insertions(+)
[master 6938801] 同步 .ideavimrc 配置文件 - 2025-10-03 08:00:01
 1 file changed, 2 insertions(+)
[master 1936ddb] 同步 .ideavimrc 配置文件 - 2025-10-06 08:00:00
 1 file changed, 2 insertions(+)
[master 3763ca1] 同步 .ideavimrc 配置文件 - 2025-10-11 08:00:00
 1 file changed, 2 insertions(+)
[master d6a3df9] 同步 .ideavimrc 配置文件 - 2025-10-12 08:00:00
 1 file changed, 2 insertions(+)
[master 90590af] 同步 .ideavimrc 配置文件 - 2025-10-13 08:00:00
 1 file changed, 2 insertions(+)
[master 2d7b634] 同步 .ideavimrc 配置文件 - 2025-10-14 08:00:00
 1 file changed, 2 insertions(+)
[master f4cbef2] 同步 .ideavimrc 配置文件 - 2025-10-15 08:00:00
 1 file changed, 2 insertions(+)
[master 0be998d] 同步 .ideavimrc 配置文件 - 2025-10-17 08:00:01
 1 file changed, 2 insertions(+)
[master a6d362a] 同步 .ideavimrc 配置文件 - 2025-10-18 08:00:04
 2 files changed, 4 insertions(+), 2 deletions(-)
[master a9b7e7d] 同步 .ideavimrc 配置文件 - 2025-10-19 08:00:01
 1 file changed, 2 insertions(+)
[master 1982250] 同步 .ideavimrc 配置文件 - 2025-10-21 08:00:00
 2 files changed, 5 insertions(+), 3 deletions(-)
[master 128fbc4] 同步 .ideavimrc 配置文件 - 2025-10-22 08:00:00
 2 files changed, 6 insertions(+), 2 deletions(-)
[master a45ef04] 同步 .ideavimrc 配置文件 - 2025-10-23 08:00:00
 1 file changed, 2 insertions(+)
[master ca7375c] 同步 .ideavimrc 配置文件 - 2025-10-29 08:00:00
 2 files changed, 6 insertions(+), 1 deletion(-)
[master 59ec1bf] 同步 .ideavimrc 配置文件 - 2025-10-30 08:00:00
 1 file changed, 2 insertions(+)
[master c9f81f1] 同步 .ideavimrc 配置文件 - 2025-11-01 08:00:00
 2 files changed, 3 insertions(+), 1 deletion(-)
[master 3beb25a] 同步 .ideavimrc 配置文件 - 2025-11-03 08:02:16
 1 file changed, 2 insertions(+)
[master 23f5186] 同步 .ideavimrc 配置文件 - 2025-11-04 08:00:00
 1 file changed, 2 insertions(+)
[master dd862d9] 同步 .ideavimrc 配置文件 - 2025-11-05 08:00:00
 1 file changed, 2 insertions(+)
[master 354ac4b] 同步 .ideavimrc 配置文件 - 2025-11-11 08:00:00
 1 file changed, 2 insertions(+)
[master 2139460] 同步 .ideavimrc 配置文件 - 2025-11-12 08:00:00
 1 file changed, 2 insertions(+)
[master 4208ea7] 同步 .ideavimrc 配置文件 - 2025-11-13 08:00:00
 1 file changed, 2 insertions(+)
[master b17695a] 同步 .ideavimrc 配置文件 - 2025-11-14 08:00:00
 1 file changed, 2 insertions(+)
[master 8179a6d] 同步 .ideavimrc 配置文件 - 2025-11-15 08:00:01
 1 file changed, 2 insertions(+)
[master 799f264] 同步 .ideavimrc 配置文件 - 2025-11-16 08:00:01
 1 file changed, 2 insertions(+)
[master 798a5e3] 同步 .ideavimrc 配置文件 - 2025-11-17 08:07:13
 1 file changed, 2 insertions(+)
[master 2c641b4] 同步 .ideavimrc 配置文件 - 2025-11-19 08:02:32
 1 file changed, 2 insertions(+)
[master b00bff1] 同步 .ideavimrc 配置文件 - 2025-11-20 08:00:00
 1 file changed, 2 insertions(+)
[master 8876826] 同步 .ideavimrc 配置文件 - 2025-11-22 08:00:00
 1 file changed, 2 insertions(+)
[master 1d04540] 同步 .ideavimrc 配置文件 - 2025-11-25 08:00:00
 1 file changed, 2 insertions(+)
[master a683607] 同步 .ideavimrc 配置文件 - 2025-11-26 08:00:00
 1 file changed, 2 insertions(+)
[master 65e0aad] 同步 .ideavimrc 配置文件 - 2025-11-27 08:00:01
 1 file changed, 2 insertions(+)
[master 651760b] 同步 .ideavimrc 配置文件 - 2025-11-28 08:00:00
 2 files changed, 4 insertions(+), 4 deletions(-)
[master 9f51b11] 同步 .ideavimrc 配置文件 - 2025-11-29 08:00:00
 2 files changed, 7 insertions(+), 5 deletions(-)
[master 326bb4b] 同步 .ideavimrc 配置文件 - 2025-11-30 08:00:01
 1 file changed, 2 insertions(+)
[master cc6b510] 同步 .ideavimrc 配置文件 - 2025-12-01 08:00:00
 1 file changed, 2 insertions(+)
[master db8ee90] 同步 .ideavimrc 配置文件 - 2025-12-02 08:00:00
 1 file changed, 2 insertions(+)
[master ab72900] 同步 .ideavimrc 配置文件 - 2025-12-05 08:00:00
 1 file changed, 2 insertions(+)
[master 00f989f] 同步 .ideavimrc 配置文件 - 2025-12-09 08:00:00
 1 file changed, 2 insertions(+)
[master cf36f70] 同步 .ideavimrc 配置文件 - 2025-12-11 08:00:00
 1 file changed, 2 insertions(+)
[master 9d50a2d] 同步 .ideavimrc 配置文件 - 2025-12-13 08:00:00
 1 file changed, 2 insertions(+)
[master 7bb2b46] 同步 .ideavimrc 配置文件 - 2025-12-14 08:00:00
 1 file changed, 2 insertions(+)
[master 854406c] 同步 .ideavimrc 配置文件 - 2025-12-17 08:00:00
 1 file changed, 2 insertions(+)
